[     156ms] [ERROR] WebSocket connection to 'ws://localhost:5179/GAMBLE-HUB/?token=8HUAW5GhRq_2' failed: Error in connection establishment: net::ERR_CONNECTION_REFUSED @ http://localhost:5173/GAMBLE-HUB/@vite/client:801
[     157ms] [ERROR] [vite] failed to connect to websocket (Error: WebSocket closed without opened.).  @ http://localhost:5173/GAMBLE-HUB/@vite/client:840
[     193ms] Error: WebSocket closed without opened.
    at WebSocket.<anonymous> (http://localhost:5173/GAMBLE-HUB/@vite/client:454:22)
[   17125ms] TypeError: Cannot read properties of null (reading 'style')
    at GameManager.launchGame (http://localhost:5173/GAMBLE-HUB/src/games.js?t=1782241372557:54:46)
    at window.spustitHru (http://localhost:5173/GAMBLE-HUB/src/events/globalHandlers.js?t=1782241092323:83:15)
    at HTMLButtonElement.onclick (http://localhost:5173/GAMBLE-HUB/:60:65)
[   17854ms] TypeError: Cannot read properties of null (reading 'style')
    at GameManager.launchGame (http://localhost:5173/GAMBLE-HUB/src/games.js?t=1782241372557:54:46)
    at window.spustitHru (http://localhost:5173/GAMBLE-HUB/src/events/globalHandlers.js?t=1782241092323:83:15)
    at HTMLButtonElement.onclick (http://localhost:5173/GAMBLE-HUB/:61:66)
[  240239ms] [ERROR] WebSocket connection to 'ws://localhost:5173/GAMBLE-HUB/' failed: WebSocket opening handshake timed out @ http://localhost:5173/GAMBLE-HUB/src/clientWebSocket.js:13
[  240239ms] [ERROR] WebSocket error Event @ http://localhost:5173/GAMBLE-HUB/src/clientWebSocket.js:41
[  240239ms] [WARNING] WebSocket closed CloseEvent @ http://localhost:5173/GAMBLE-HUB/src/clientWebSocket.js:36
[  240239ms] [LOG] Reconnecting WebSocket in 1000ms @ http://localhost:5173/GAMBLE-HUB/src/clientWebSocket.js:51
[  481251ms] [ERROR] WebSocket connection to 'ws://localhost:5173/GAMBLE-HUB/' failed: WebSocket opening handshake timed out @ http://localhost:5173/GAMBLE-HUB/src/clientWebSocket.js:13
[  481253ms] [ERROR] WebSocket error Event @ http://localhost:5173/GAMBLE-HUB/src/clientWebSocket.js:41
[  481255ms] [WARNING] WebSocket closed CloseEvent @ http://localhost:5173/GAMBLE-HUB/src/clientWebSocket.js:36
[  481255ms] [LOG] Reconnecting WebSocket in 2000ms @ http://localhost:5173/GAMBLE-HUB/src/clientWebSocket.js:51
